<?xml version="1.0" encoding="UTF-8"?>
<robot generator="Robot 6.0.2 (Python 3.9.4 on win32)" generated="20230412 08:47:01.562" rpa="false" schemaversion="3">
<suite id="s1" name="Test" source="C:\Users\Akshara.R\OneDrive - Raytheon Technologies\WILP\Sw Syst\Project\Impl\web app\Blog app\test.robot">
<kw name="Start Django and open Browser" type="SETUP">
<kw name="Start Django" library="DjangoLibrary">
<doc>Start the Django server.</doc>
<status status="PASS" starttime="20230412 08:47:01.869" endtime="20230412 08:47:02.310"/>
</kw>
<kw name="Open Browser" library="SeleniumLibrary">
<arg>${SERVER}</arg>
<arg>${BROWSER}</arg>
<doc>Opens a new browser instance to the optional ``url``.</doc>
<msg timestamp="20230412 08:47:02.311" level="INFO">Opening browser 'chrome' to base url 'http://127.0.0.1:55001/'.</msg>
<msg timestamp="20230412 08:47:10.678" level="INFO" html="true">&lt;/td&gt;&lt;/tr&gt;&lt;tr&gt;&lt;td colspan="3"&gt;&lt;a href="selenium-screenshot-1.png"&gt;&lt;img src="selenium-screenshot-1.png" width="800px"&gt;&lt;/a&gt;</msg>
<msg timestamp="20230412 08:47:10.679" level="FAIL">WebDriverException: Message: unknown error: net::ERR_CONNECTION_REFUSED
  (Session info: chrome=111.0.5563.147)
Stacktrace:
Backtrace:
	(No symbol) [0x008ADCE3]
	(No symbol) [0x008439D1]
	(No symbol) [0x00754DA8]
	(No symbol) [0x007512F7]
	(No symbol) [0x00748835]
	(No symbol) [0x0074980A]
	(No symbol) [0x00748B10]
	(No symbol) [0x00747F65]
	(No symbol) [0x00747EFC]
	(No symbol) [0x00746BF6]
	(No symbol) [0x00747358]
	(No symbol) [0x00756542]
	(No symbol) [0x007ADB91]
	(No symbol) [0x0079AECC]
	(No symbol) [0x007AD57C]
	(No symbol) [0x0079ACC6]
	(No symbol) [0x00776F68]
	(No symbol) [0x007780CD]
	GetHandleVerifier [0x00B23832+2506274]
	GetHandleVerifier [0x00B59794+2727300]
	GetHandleVerifier [0x00B5E36C+2746716]
	GetHandleVerifier [0x00956690+617600]
	(No symbol) [0x0084C712]
	(No symbol) [0x00851FF8]
	(No symbol) [0x008520DB]
	(No symbol) [0x0085C63B]
	BaseThreadInitThunk [0x758B00F9+25]
	RtlGetAppContainerNamedObjectPath [0x77037BBE+286]
	RtlGetAppContainerNamedObjectPath [0x77037B8E+238]
</msg>
<status status="FAIL" starttime="20230412 08:47:02.310" endtime="20230412 08:47:10.692"/>
</kw>
<status status="FAIL" starttime="20230412 08:47:01.869" endtime="20230412 08:47:10.693"/>
</kw>
<test id="s1-t1" name="Scenario: As a visitor I can visit the django default page" line="27">
<status status="FAIL" starttime="20230412 08:47:10.693" endtime="20230412 08:47:10.694">Parent suite setup failed:
WebDriverException: Message: unknown error: net::ERR_CONNECTION_REFUSED
  (Session info: chrome=111.0.5563.147)
Stacktrace:
Backtrace:
	(No symbol) [0x008ADCE3]
	(No symbol) [0x008439D1]
	(No symbol) [0x00754DA8]
	(No symbol) [0x007512F7]
	(No symbol) [0x00748835]
	(No symbol) [0x0074980A]
	(No symbol) [0x00748B10]
	(No symbol) [0x00747F65]
	(No symbol) [0x00747EFC]
	(No symbol) [0x00746BF6]
	(No symbol) [0x00747358]
	(No symbol) [0x00756542]
	(No symbol) [0x007ADB91]
	(No symbol) [0x0079AECC]
	(No symbol) [0x007AD57C]
	(No symbol) [0x0079ACC6]
	(No symbol) [0x00776F68]
	(No symbol) [0x007780CD]
	GetHandleVerifier [0x00B23832+2506274]
	GetHandleVerifier [0x00B59794+2727300]
	GetHandleVerifier [0x00B5E36C+2746716]
	GetHandleVerifier [0x00956690+617600]
	(No symbol) [0x0084C712]
	(No symbol) [0x00851FF8]
	(No symbol) [0x008520DB]
	(No symbol) [0x0085C63B]
	BaseThreadInitThunk [0x758B00F9+25]
	RtlGetAppContainerNamedObjectPath [0x77037BBE+286]
	RtlGetAppContainerNamedObjectPath [0x77037B8E+238]
</status>
</test>
<kw name="Stop Django and close browser" type="TEARDOWN">
<kw name="Close Browser" library="SeleniumLibrary">
<doc>Closes the current browser.</doc>
<status status="PASS" starttime="20230412 08:47:10.697" endtime="20230412 08:47:12.999"/>
</kw>
<kw name="Stop Django" library="DjangoLibrary">
<doc>Stop the Django server.</doc>
<msg timestamp="20230412 08:47:12.999" level="FAIL">AttributeError: module 'signal' has no attribute 'SIGKILL'</msg>
<status status="FAIL" starttime="20230412 08:47:12.999" endtime="20230412 08:47:13.000"/>
</kw>
<status status="FAIL" starttime="20230412 08:47:10.697" endtime="20230412 08:47:13.001">AttributeError: module 'signal' has no attribute 'SIGKILL'</status>
</kw>
<doc>Django Robot Tests</doc>
<status status="FAIL" starttime="20230412 08:47:01.565" endtime="20230412 08:47:13.001">Suite setup failed:
WebDriverException: Message: unknown error: net::ERR_CONNECTION_REFUSED
  (Session info: chrome=111.0.5563.147)
Stacktrace:
Backtrace:
	(No symbol) [0x008ADCE3]
	(No symbol) [0x008439D1]
	(No symbol) [0x00754DA8]
	(No symbol) [0x007512F7]
	(No symbol) [0x00748835]
	(No symbol) [0x0074980A]
	(No symbol) [0x00748B10]
	(No symbol) [0x00747F65]
	(No symbol) [0x00747EFC]
	(No symbol) [0x00746BF6]
	(No symbol) [0x00747358]
	(No symbol) [0x00756542]
	(No symbol) [0x007ADB91]
	(No symbol) [0x0079AECC]
	(No symbol) [0x007AD57C]
	(No symbol) [0x0079ACC6]
	(No symbol) [0x00776F68]
	(No symbol) [0x007780CD]
	GetHandleVerifier [0x00B23832+2506274]
	GetHandleVerifier [0x00B59794+2727300]
	GetHandleVerifier [0x00B5E36C+2746716]
	GetHandleVerifier [0x00956690+617600]
	(No symbol) [0x0084C712]
	(No symbol) [0x00851FF8]
	(No symbol) [0x008520DB]
	(No symbol) [0x0085C63B]
	BaseThreadInitThunk [0x758B00F9+25]
	RtlGetAppContainerNamedObjectPath [0x77037BBE+286]
	RtlGetAppContainerNamedObjectPath [0x77037B8E+238]


Also suite teardown failed:
AttributeError: module 'signal' has no attribute 'SIGKILL'</status>
</suite>
<statistics>
<total>
<stat pass="0" fail="1" skip="0">All Tests</stat>
</total>
<tag>
</tag>
<suite>
<stat pass="0" fail="1" skip="0" id="s1" name="Test">Test</stat>
</suite>
</statistics>
<errors>
</errors>
</robot>
